<?xml version="1.0" encoding="UTF-8"?>
<!-- Generated by org.testng.reporters.JUnitReportReporter -->
<testsuite skipped="0" hostname="DESKTOP-C3HCRMS" name="grm.qa.AppTest" tests="1" failures="0" timestamp="10 Oct 2018 20:07:02 GMT" time="0.005" errors="0">
  <testcase name="test" time="0.005" classname="grm.qa.AppTest"/>
</testsuite> <!-- grm.qa.AppTest -->
