<?xml version="1.0" encoding="UTF-8"?>
<!-- Generated by org.testng.reporters.JUnitReportReporter -->
<testsuite skipped="0" hostname="KENAN" name="grm.qa.AppTest" tests="1" failures="0" timestamp="10 Oct 2018 08:21:19 GMT" time="0.006" errors="0">
  <testcase name="test" time="0.006" classname="grm.qa.AppTest"/>
</testsuite> <!-- grm.qa.AppTest -->
