<?xml version="1.0" encoding="UTF-8"?>
<!-- Generated by org.testng.reporters.JUnitReportReporter -->
<testsuite skipped="0" hostname="KENAN" name="grm.qa.test1" tests="1" failures="0" timestamp="10 Oct 2018 08:21:19 GMT" time="0.000" errors="0">
  <testcase name="Testing" time="0.000" classname="grm.qa.test1"/>
</testsuite> <!-- grm.qa.test1 -->
